Started GET "/pages/one" for 127.0.0.1 at 2018-08-22 19:58:41 -0300
  
ActiveRecord::PendingMigrationError (

Migrations are pending. To resolve this issue, run:

        bin/rails db:migrate RAILS_ENV=development

):
  
activerecord (5.2.1) lib/active_record/migration.rb:579:in `check_pending!'
activerecord (5.2.1) lib/active_record/migration.rb:556:in `call'
actionpack (5.2.1) lib/action_dispatch/middleware/callbacks.rb:28:in `block in call'
activesupport (5.2.1) lib/active_support/callbacks.rb:98:in `run_callbacks'
actionpack (5.2.1) lib/action_dispatch/middleware/callbacks.rb:26:in `call'
actionpack (5.2.1) lib/action_dispatch/middleware/executor.rb:14:in `call'
actionpack (5.2.1) lib/action_dispatch/middleware/debug_exceptions.rb:61:in `call'
web-console (3.6.2) lib/web_console/middleware.rb:135:in `call_app'
web-console (3.6.2) lib/web_console/middleware.rb:30:in `block in call'
web-console (3.6.2) lib/web_console/middleware.rb:20:in `catch'
web-console (3.6.2) lib/web_console/middleware.rb:20:in `call'
actionpack (5.2.1) lib/action_dispatch/middleware/show_exceptions.rb:33:in `call'
railties (5.2.1) lib/rails/rack/logger.rb:38:in `call_app'
railties (5.2.1) lib/rails/rack/logger.rb:26:in `block in call'
activesupport (5.2.1) lib/active_support/tagged_logging.rb:71:in `block in tagged'
activesupport (5.2.1) lib/active_support/tagged_logging.rb:28:in `tagged'
activesupport (5.2.1) lib/active_support/tagged_logging.rb:71:in `tagged'
railties (5.2.1) lib/rails/rack/logger.rb:26:in `call'
sprockets-rails (3.2.1) lib/sprockets/rails/quiet_assets.rb:13:in `call'
actionpack (5.2.1) lib/action_dispatch/middleware/remote_ip.rb:81:in `call'
actionpack (5.2.1) lib/action_dispatch/middleware/request_id.rb:27:in `call'
rack (2.0.5) lib/rack/method_override.rb:22:in `call'
rack (2.0.5) lib/rack/runtime.rb:22:in `call'
activesupport (5.2.1) lib/active_support/cache/strategy/local_cache_middleware.rb:29:in `call'
actionpack (5.2.1) lib/action_dispatch/middleware/executor.rb:14:in `call'
actionpack (5.2.1) lib/action_dispatch/middleware/static.rb:127:in `call'
rack (2.0.5) lib/rack/sendfile.rb:111:in `call'
railties (5.2.1) lib/rails/engine.rb:524:in `call'
puma (3.12.0) lib/puma/configuration.rb:225:in `call'
puma (3.12.0) lib/puma/server.rb:658:in `handle_request'
puma (3.12.0) lib/puma/server.rb:472:in `process_client'
puma (3.12.0) lib/puma/server.rb:332:in `block in run'
puma (3.12.0) lib/puma/thread_pool.rb:133:in `block in spawn_thread'
  [1m[35m (0.1ms)[0m  [1m[34mSELECT sqlite_version(*)[0m
  ↳ bin/rails:9
  [1m[35m (123.5ms)[0m  [1m[35mCREATE TABLE "schema_migrations" ("version" varchar NOT NULL PRIMARY KEY)[0m
  ↳ bin/rails:9
  [1m[35m (126.9ms)[0m  [1m[35mCREATE TABLE "ar_internal_metadata" ("key" varchar NOT NULL PRIMARY KEY, "value" varchar, "created_at" datetime NOT NULL, "updated_at" datetime NOT NULL)[0m
  ↳ bin/rails:9
  [1m[35m (0.4ms)[0m  [1m[34mSELECT "schema_migrations"."version" FROM "schema_migrations" ORDER BY "schema_migrations"."version" ASC[0m
  ↳ bin/rails:9
Migrating to CreateStudents (20180822225415)
  [1m[35m (0.1ms)[0m  [1m[36mbegin transaction[0m
  ↳ bin/rails:9
  [1m[35m (1.9ms)[0m  [1m[35mCREATE TABLE "students" ("id" integer PRIMARY KEY AUTOINCREMENT NOT NULL, "name" varchar, "age" integer, "created_at" datetime NOT NULL, "updated_at" datetime NOT NULL)[0m
  ↳ db/migrate/20180822225415_create_students.rb:3
  [1m[36mActiveRecord::SchemaMigration Create (0.4ms)[0m  [1m[32mINSERT INTO "schema_migrations" ("version") VALUES (?)[0m  [["version", "20180822225415"]]
  ↳ bin/rails:9
  [1m[35m (114.4ms)[0m  [1m[36mcommit transaction[0m
  ↳ bin/rails:9
  [1m[36mActiveRecord::InternalMetadata Load (0.2ms)[0m  [1m[34mSELECT  "ar_internal_metadata".* FROM "ar_internal_metadata" WHERE "ar_internal_metadata"."key" = ? LIMIT ?[0m  [["key", "environment"], ["LIMIT", 1]]
  ↳ bin/rails:9
  [1m[35m (0.1ms)[0m  [1m[36mbegin transaction[0m
  ↳ bin/rails:9
  [1m[36mActiveRecord::InternalMetadata Create (0.3ms)[0m  [1m[32mINSERT INTO "ar_internal_metadata" ("key", "value", "created_at", "updated_at") VALUES (?, ?, ?, ?)[0m  [["key", "environment"], ["value", "development"], ["created_at", "2018-08-22 22:59:15.638741"], ["updated_at", "2018-08-22 22:59:15.638741"]]
  ↳ bin/rails:9
  [1m[35m (81.4ms)[0m  [1m[36mcommit transaction[0m
  ↳ bin/rails:9
  [1m[35m (0.5ms)[0m  [1m[34mSELECT "schema_migrations"."version" FROM "schema_migrations" ORDER BY "schema_migrations"."version" ASC[0m
  ↳ bin/rails:9
Started GET "/" for 127.0.0.1 at 2018-08-22 20:01:05 -0300
  [1m[35m (0.2ms)[0m  [1m[34mSELECT "schema_migrations"."version" FROM "schema_migrations" ORDER BY "schema_migrations"."version" ASC[0m
Started GET "/" for 127.0.0.1 at 2018-08-22 20:01:15 -0300
  ↳ /home/juan/.rvm/gems/ruby-2.4.1/gems/activerecord-5.2.1/lib/active_record/log_subscriber.rb:98
Processing by Rails::WelcomeController#index as HTML
  Rendering /home/juan/.rvm/gems/ruby-2.4.1/gems/railties-5.2.1/lib/rails/templates/rails/welcome/index.html.erb
  Rendered /home/juan/.rvm/gems/ruby-2.4.1/gems/railties-5.2.1/lib/rails/templates/rails/welcome/index.html.erb (2.8ms)
Completed 200 OK in 15ms (Views: 4.4ms | ActiveRecord: 0.0ms)


Processing by Rails::WelcomeController#index as HTML
  Rendering /home/juan/.rvm/gems/ruby-2.4.1/gems/railties-5.2.1/lib/rails/templates/rails/welcome/index.html.erb
  Rendered /home/juan/.rvm/gems/ruby-2.4.1/gems/railties-5.2.1/lib/rails/templates/rails/welcome/index.html.erb (0.2ms)
Completed 200 OK in 3ms (Views: 1.4ms | ActiveRecord: 0.0ms)


Started GET "/students" for 127.0.0.1 at 2018-08-22 20:01:44 -0300
Processing by StudentsController#index as HTML
  Rendering students/index.html.erb within layouts/application
  [1m[36mStudent Load (0.2ms)[0m  [1m[34mSELECT "students".* FROM "students"[0m
  ↳ app/views/students/index.html.erb:15
  Rendered students/index.html.erb within layouts/application (3.8ms)
Completed 200 OK in 538ms (Views: 532.8ms | ActiveRecord: 0.7ms)


Started GET "/" for 127.0.0.1 at 2018-08-22 20:02:44 -0300
  
ArgumentError (Missing :controller key on routes definition, please check your routes.):
  
config/routes.rb:3:in `block in <main>'
config/routes.rb:1:in `<main>'
Started GET "/" for 127.0.0.1 at 2018-08-22 20:04:21 -0300
Processing by StudentsController#index as HTML
  Rendering students/index.html.erb within layouts/application
  [1m[36mStudent Load (0.2ms)[0m  [1m[34mSELECT "students".* FROM "students"[0m
  ↳ app/views/students/index.html.erb:15
  Rendered students/index.html.erb within layouts/application (3.4ms)
Completed 200 OK in 30ms (Views: 25.6ms | ActiveRecord: 0.7ms)


  [1m[35m (0.1ms)[0m  [1m[36mbegin transaction[0m
  [1m[36mStudent Create (0.6ms)[0m  [1m[32mINSERT INTO "students" ("name", "age", "created_at", "updated_at") VALUES (?, ?, ?, ?)[0m  [["name", "primero"], ["age", 22], ["created_at", "2018-08-22 23:11:56.590652"], ["updated_at", "2018-08-22 23:11:56.590652"]]
  [1m[35m (73.0ms)[0m  [1m[36mcommit transaction[0m
Started GET "/" for 127.0.0.1 at 2018-08-22 20:12:04 -0300
Processing by StudentsController#index as HTML
  Rendering students/index.html.erb within layouts/application
  [1m[36mStudent Load (0.3ms)[0m  [1m[34mSELECT "students".* FROM "students"[0m
  ↳ app/views/students/index.html.erb:15
  Rendered students/index.html.erb within layouts/application (33.2ms)
Completed 200 OK in 63ms (Views: 58.2ms | ActiveRecord: 1.4ms)


  [1m[35m (0.3ms)[0m  [1m[36mbegin transaction[0m
  [1m[36mStudent Create (1.8ms)[0m  [1m[32mINSERT INTO "students" ("name", "age", "created_at", "updated_at") VALUES (?, ?, ?, ?)[0m  [["name", "Tomas Turbado"], ["age", 28], ["created_at", "2018-08-22 23:12:55.785669"], ["updated_at", "2018-08-22 23:12:55.785669"]]
  [1m[35m (136.8ms)[0m  [1m[36mcommit transaction[0m
Started GET "/" for 127.0.0.1 at 2018-08-22 20:14:16 -0300
Processing by StudentsController#index as HTML
  Rendering students/index.html.erb within layouts/application
  [1m[36mStudent Load (0.4ms)[0m  [1m[34mSELECT "students".* FROM "students"[0m
  ↳ app/views/students/index.html.erb:15
  Rendered students/index.html.erb within layouts/application (4.6ms)
Completed 200 OK in 39ms (Views: 36.7ms | ActiveRecord: 0.4ms)


Started GET "/students/new" for 127.0.0.1 at 2018-08-22 20:14:42 -0300
Processing by StudentsController#new as HTML
  Rendering students/new.html.erb within layouts/application
  Rendered students/_form.html.erb (138.6ms)
  Rendered students/new.html.erb within layouts/application (141.7ms)
Completed 200 OK in 170ms (Views: 168.1ms | ActiveRecord: 0.0ms)


Started POST "/students" for 127.0.0.1 at 2018-08-22 20:14:54 -0300
Processing by StudentsController#create as HTML
  Parameters: {"utf8"=>"✓", "authenticity_token"=>"Z4TlEInywlMknH+9wR3g5Nq2r5mGhRqThlWTkeXjNYMpmukXXIaDn7XtvlU4tZEdkYLbFf7eWtubOU/LQ3nJig==", "student"=>{"name"=>"iyduiydut", "age"=>"659"}, "commit"=>"Create Student"}
  [1m[35m (0.1ms)[0m  [1m[36mbegin transaction[0m
  ↳ app/controllers/students_controller.rb:30
  [1m[36mStudent Create (0.4ms)[0m  [1m[32mINSERT INTO "students" ("name", "age", "created_at", "updated_at") VALUES (?, ?, ?, ?)[0m  [["name", "iyduiydut"], ["age", 659], ["created_at", "2018-08-22 23:14:54.947238"], ["updated_at", "2018-08-22 23:14:54.947238"]]
  ↳ app/controllers/students_controller.rb:30
  [1m[35m (127.0ms)[0m  [1m[36mcommit transaction[0m
  ↳ app/controllers/students_controller.rb:30
Redirected to http://localhost:3000/students/3
Completed 302 Found in 149ms (ActiveRecord: 127.5ms)


Started GET "/students/3" for 127.0.0.1 at 2018-08-22 20:14:55 -0300
Processing by StudentsController#show as HTML
  Parameters: {"id"=>"3"}
  [1m[36mStudent Load (0.5ms)[0m  [1m[34mSELECT  "students".* FROM "students" WHERE "students"."id" = ? LIMIT ?[0m  [["id", 3], ["LIMIT", 1]]
  ↳ app/controllers/students_controller.rb:67
  Rendering students/show.html.erb within layouts/application
  Rendered students/show.html.erb within layouts/application (1.2ms)
Completed 200 OK in 35ms (Views: 30.1ms | ActiveRecord: 0.5ms)


Started GET "/students" for 127.0.0.1 at 2018-08-22 20:15:10 -0300
Processing by StudentsController#index as HTML
  Rendering students/index.html.erb within layouts/application
  [1m[36mStudent Load (0.2ms)[0m  [1m[34mSELECT "students".* FROM "students"[0m
  ↳ app/views/students/index.html.erb:15
  Rendered students/index.html.erb within layouts/application (3.0ms)
Completed 200 OK in 30ms (Views: 27.3ms | ActiveRecord: 0.2ms)


Started GET "/students" for 127.0.0.1 at 2018-08-22 20:17:49 -0300
Processing by StudentsController#index as HTML
  Rendering students/index.html.erb within layouts/application
  [1m[36mStudent Load (0.4ms)[0m  [1m[34mSELECT "students".* FROM "students"[0m
  ↳ app/views/students/index.html.erb:15
  Rendered students/index.html.erb within layouts/application (5.9ms)
Completed 200 OK in 50ms (Views: 46.9ms | ActiveRecord: 0.4ms)


Started GET "/students" for 127.0.0.1 at 2018-08-22 20:26:02 -0300
Processing by StudentsController#index as HTML
  Rendering students/index.html.erb within layouts/application
  Rendered students/index.html.erb within layouts/application (2.6ms)
Completed 500 Internal Server Error in 10ms (ActiveRecord: 0.0ms)


  
SyntaxError (/home/juan/GitHub/S11E2/app/views/students/index.html.erb:19: syntax error, unexpected =>, expecting '}'
_to 'Show', student { :class=>"Bootswatch" } );@output_buffe
                              ^
/home/juan/GitHub/S11E2/app/views/students/index.html.erb:19: syntax error, unexpected '}', expecting ')'
udent { :class=>"Bootswatch" } );@output_buffer.safe_append=
                              ^
/home/juan/GitHub/S11E2/app/views/students/index.html.erb:23: syntax error, unexpected keyword_end, expecting ')'
'.freeze;     end 
                 ^
/home/juan/GitHub/S11E2/app/views/students/index.html.erb:32: syntax error, unexpected keyword_ensure, expecting ')'
          ensure
                ^
/home/juan/GitHub/S11E2/app/views/students/index.html.erb:34: syntax error, unexpected keyword_end, expecting ')'
          end
             ^):
  
app/views/students/index.html.erb:19: syntax error, unexpected =>, expecting '}'
app/views/students/index.html.erb:19: syntax error, unexpected '}', expecting ')'
app/views/students/index.html.erb:23: syntax error, unexpected keyword_end, expecting ')'
app/views/students/index.html.erb:32: syntax error, unexpected keyword_ensure, expecting ')'
app/views/students/index.html.erb:34: syntax error, unexpected keyword_end, expecting ')'
Started GET "/students" for 127.0.0.1 at 2018-08-22 20:27:22 -0300
Processing by StudentsController#index as HTML
  Rendering students/index.html.erb within layouts/application
  [1m[36mStudent Load (0.4ms)[0m  [1m[34mSELECT "students".* FROM "students"[0m
  ↳ app/views/students/index.html.erb:15
  Rendered students/index.html.erb within layouts/application (5.6ms)
Completed 200 OK in 51ms (Views: 48.1ms | ActiveRecord: 0.4ms)


Started GET "/students" for 127.0.0.1 at 2018-08-22 20:47:11 -0300
Processing by StudentsController#index as HTML
  Rendering students/index.html.erb within layouts/application
  [1m[36mStudent Load (0.4ms)[0m  [1m[34mSELECT "students".* FROM "students"[0m
  ↳ app/views/students/index.html.erb:15
  Rendered students/index.html.erb within layouts/application (5.9ms)
Completed 200 OK in 49ms (Views: 46.0ms | ActiveRecord: 0.4ms)


Started GET "/students" for 127.0.0.1 at 2018-08-22 20:47:49 -0300
Processing by StudentsController#index as HTML
  Rendering students/index.html.erb within layouts/application
  [1m[36mStudent Load (0.3ms)[0m  [1m[34mSELECT "students".* FROM "students"[0m
  ↳ app/views/students/index.html.erb:15
  Rendered students/index.html.erb within layouts/application (4.7ms)
Completed 200 OK in 53ms (Views: 51.0ms | ActiveRecord: 0.3ms)


Started GET "/students" for 127.0.0.1 at 2018-08-22 20:48:14 -0300
Processing by StudentsController#index as HTML
  Rendering students/index.html.erb within layouts/application
  [1m[36mStudent Load (0.4ms)[0m  [1m[34mSELECT "students".* FROM "students"[0m
  ↳ app/views/students/index.html.erb:15
  Rendered students/index.html.erb within layouts/application (5.2ms)
Completed 200 OK in 48ms (Views: 44.5ms | ActiveRecord: 0.4ms)


Started GET "/students" for 127.0.0.1 at 2018-08-22 20:49:21 -0300
Processing by StudentsController#index as HTML
  Rendering students/index.html.erb within layouts/application
  [1m[36mStudent Load (0.3ms)[0m  [1m[34mSELECT "students".* FROM "students"[0m
  ↳ app/views/students/index.html.erb:15
  Rendered students/index.html.erb within layouts/application (3.6ms)
Completed 200 OK in 32ms (Views: 30.3ms | ActiveRecord: 0.3ms)


Started GET "/students" for 127.0.0.1 at 2018-08-22 20:49:28 -0300
Processing by StudentsController#index as HTML
  Rendering students/index.html.erb within layouts/application
  [1m[36mStudent Load (0.3ms)[0m  [1m[34mSELECT "students".* FROM "students"[0m
  ↳ app/views/students/index.html.erb:15
  Rendered students/index.html.erb within layouts/application (3.9ms)
Completed 200 OK in 34ms (Views: 31.9ms | ActiveRecord: 0.3ms)


Started GET "/students" for 127.0.0.1 at 2018-08-22 20:49:42 -0300
Processing by StudentsController#index as HTML
  Rendering students/index.html.erb within layouts/application
  [1m[36mStudent Load (0.3ms)[0m  [1m[34mSELECT "students".* FROM "students"[0m
  ↳ app/views/students/index.html.erb:15
  Rendered students/index.html.erb within layouts/application (3.6ms)
Completed 200 OK in 33ms (Views: 31.7ms | ActiveRecord: 0.3ms)


Started GET "/students" for 127.0.0.1 at 2018-08-22 20:51:20 -0300
Processing by StudentsController#index as HTML
  Rendering students/index.html.erb within layouts/application
  [1m[36mStudent Load (0.4ms)[0m  [1m[34mSELECT "students".* FROM "students"[0m
  ↳ app/views/students/index.html.erb:15
  Rendered students/index.html.erb within layouts/application (5.7ms)
Completed 200 OK in 44ms (Views: 41.5ms | ActiveRecord: 0.4ms)


Started GET "/students" for 127.0.0.1 at 2018-08-22 20:53:02 -0300
Processing by StudentsController#index as HTML
  Rendering students/index.html.erb within layouts/application
  [1m[36mStudent Load (0.5ms)[0m  [1m[34mSELECT "students".* FROM "students"[0m
  ↳ app/views/students/index.html.erb:15
  Rendered students/index.html.erb within layouts/application (5.2ms)
Completed 200 OK in 48ms (Views: 45.6ms | ActiveRecord: 0.5ms)


Started GET "/students" for 127.0.0.1 at 2018-08-22 20:53:26 -0300
Processing by StudentsController#index as HTML
  Rendering students/index.html.erb within layouts/application
  [1m[36mStudent Load (0.4ms)[0m  [1m[34mSELECT "students".* FROM "students"[0m
  ↳ app/views/students/index.html.erb:15
  Rendered students/index.html.erb within layouts/application (5.9ms)
Completed 200 OK in 43ms (Views: 40.0ms | ActiveRecord: 0.4ms)


Started GET "/students" for 127.0.0.1 at 2018-08-22 20:54:52 -0300
Processing by StudentsController#index as HTML
  Rendering students/index.html.erb within layouts/application
  [1m[36mStudent Load (0.4ms)[0m  [1m[34mSELECT "students".* FROM "students"[0m
  ↳ app/views/students/index.html.erb:15
  Rendered students/index.html.erb within layouts/application (5.9ms)
Completed 200 OK in 45ms (Views: 42.5ms | ActiveRecord: 0.4ms)


Started GET "/students" for 127.0.0.1 at 2018-08-22 20:56:21 -0300
Processing by StudentsController#index as HTML
  Rendering students/index.html.erb within layouts/application
  Rendered students/index.html.erb within layouts/application (1.8ms)
Completed 500 Internal Server Error in 8ms (ActiveRecord: 0.0ms)


  
SyntaxError (/home/juan/GitHub/S11E2/app/views/students/index.html.erb:21: syntax error, unexpected ')', expecting =>
 { :class=>"btn btn-danger" });@output_buffer.safe_append='<
                              ^
/home/juan/GitHub/S11E2/app/views/students/index.html.erb:23: syntax error, unexpected keyword_end, expecting ')'
'.freeze;     end 
                 ^
/home/juan/GitHub/S11E2/app/views/students/index.html.erb:32: syntax error, unexpected keyword_ensure, expecting ')'
          ensure
                ^
/home/juan/GitHub/S11E2/app/views/students/index.html.erb:34: syntax error, unexpected keyword_end, expecting ')'
          end
             ^):
  
app/views/students/index.html.erb:21: syntax error, unexpected ')', expecting =>
app/views/students/index.html.erb:23: syntax error, unexpected keyword_end, expecting ')'
app/views/students/index.html.erb:32: syntax error, unexpected keyword_ensure, expecting ')'
app/views/students/index.html.erb:34: syntax error, unexpected keyword_end, expecting ')'
Started GET "/students" for 127.0.0.1 at 2018-08-22 20:56:46 -0300
Processing by StudentsController#index as HTML
  Rendering students/index.html.erb within layouts/application
  [1m[36mStudent Load (0.5ms)[0m  [1m[34mSELECT "students".* FROM "students"[0m
  ↳ app/views/students/index.html.erb:15
  Rendered students/index.html.erb within layouts/application (5.9ms)
Completed 200 OK in 47ms (Views: 44.1ms | ActiveRecord: 0.5ms)


Started GET "/students" for 127.0.0.1 at 2018-08-22 20:56:59 -0300
Processing by StudentsController#index as HTML
  Rendering students/index.html.erb within layouts/application
  [1m[36mStudent Load (0.3ms)[0m  [1m[34mSELECT "students".* FROM "students"[0m
  ↳ app/views/students/index.html.erb:15
  Rendered students/index.html.erb within layouts/application (4.2ms)
Completed 500 Internal Server Error in 9ms (ActiveRecord: 0.3ms)


  
ActionView::Template::Error (wrong number of arguments (given 4, expected 0..3)):
    18:         <td><%= student.age %></td>
    19:         <td><%= link_to 'Show', student, { :class=>"btn btn-info" } %></td>
    20:         <td><%= link_to 'Edit', edit_student_path(student), { :class=>"btn btn-success" } %></td>
    21:         <td><%= link_to 'Destroy', student, { :class=>"btn btn-danger" }, method: :delete, data: { confirm: 'Are you sure?' }  %></td>
    22:       </tr>
    23:     <% end %>
    24:   </tbody>
  
app/views/students/index.html.erb:21:in `block in _app_views_students_index_html_erb___894394060_96518280'
app/views/students/index.html.erb:15:in `_app_views_students_index_html_erb___894394060_96518280'
Started GET "/students" for 127.0.0.1 at 2018-08-22 20:57:35 -0300
Processing by StudentsController#index as HTML
  Rendering students/index.html.erb within layouts/application
  [1m[36mStudent Load (0.3ms)[0m  [1m[34mSELECT "students".* FROM "students"[0m
  ↳ app/views/students/index.html.erb:15
  Rendered students/index.html.erb within layouts/application (3.3ms)
Completed 200 OK in 30ms (Views: 28.0ms | ActiveRecord: 0.3ms)


Started GET "/students" for 127.0.0.1 at 2018-08-22 20:57:44 -0300
Processing by StudentsController#index as HTML
  Rendering students/index.html.erb within layouts/application
  [1m[36mStudent Load (0.4ms)[0m  [1m[34mSELECT "students".* FROM "students"[0m
  ↳ app/views/students/index.html.erb:15
  Rendered students/index.html.erb within layouts/application (4.4ms)
Completed 200 OK in 48ms (Views: 46.0ms | ActiveRecord: 0.4ms)


Started GET "/students" for 127.0.0.1 at 2018-08-22 20:57:52 -0300
Processing by StudentsController#index as HTML
  Rendering students/index.html.erb within layouts/application
  [1m[36mStudent Load (0.3ms)[0m  [1m[34mSELECT "students".* FROM "students"[0m
  ↳ app/views/students/index.html.erb:15
  Rendered students/index.html.erb within layouts/application (3.4ms)
Completed 200 OK in 35ms (Views: 33.2ms | ActiveRecord: 0.3ms)


